Mar 14, 2017 5:12:38 PM codeu.chat.ServerMain main
INFO: ============================= START OF LOG =============================
Mar 14, 2017 5:12:38 PM codeu.chat.ServerMain main
INFO: Starting server...
Mar 14, 2017 5:12:38 PM codeu.chat.ServerMain runServer
INFO: Server object created.
Mar 14, 2017 5:12:38 PM codeu.chat.ServerMain runServer
INFO: Starting hub...
Mar 14, 2017 5:12:54 PM codeu.chat.server.Server handleConnection
INFO: Handling new connection...
Mar 14, 2017 5:12:54 PM codeu.chat.server.Server handleConnection
INFO: Handling new connection...
Mar 14, 2017 5:13:03 PM codeu.chat.server.Server handleConnection
INFO: Handling new connection...
Mar 14, 2017 5:13:03 PM codeu.chat.server.Controller newUser
INFO: newUser success (user.id=[UUID:100.101.4103760531] user.name=pucca user.time=14-Mar-2017 17:13:03.618)
Mar 14, 2017 5:13:03 PM codeu.chat.server.Server handleConnection
INFO: Handling new connection...
Mar 14, 2017 5:13:03 PM codeu.chat.server.Server handleConnection
INFO: Handling new connection...
Mar 14, 2017 5:13:07 PM codeu.chat.server.Server handleConnection
INFO: Handling new connection...
Mar 14, 2017 5:13:12 PM codeu.chat.server.Server handleConnection
INFO: Handling new connection...
Mar 14, 2017 5:13:12 PM codeu.chat.server.Controller newConversation
INFO: Conversation added: [UUID:100.101.4177010666]
Mar 14, 2017 5:13:12 PM codeu.chat.server.Server handleConnection
INFO: Handling new connection...
Mar 14, 2017 5:13:12 PM codeu.chat.server.Server handleConnection
INFO: Handling new connection...
Mar 14, 2017 5:13:12 PM codeu.chat.server.Server handleConnection
INFO: Handling new connection...
Mar 14, 2017 5:13:12 PM codeu.chat.server.Server handleConnection
INFO: Handling new connection...
Mar 14, 2017 5:13:17 PM codeu.chat.server.Server handleConnection
INFO: Handling new connection...
Mar 14, 2017 5:13:17 PM codeu.chat.server.Controller newMessage
INFO: Message added: [UUID:100.101.1967570303]
Mar 14, 2017 5:13:17 PM codeu.chat.server.Server handleConnection
INFO: Handling new connection...
Mar 14, 2017 5:13:17 PM codeu.chat.server.Server handleConnection
INFO: Handling new connection...
Mar 14, 2017 5:13:17 PM codeu.chat.server.View getMessages
INFO: in getMessage: UUID=[UUID:100.101.1967570303] range=5
Mar 14, 2017 5:13:20 PM codeu.chat.server.Server handleConnection
INFO: Handling new connection...
Mar 14, 2017 5:13:20 PM codeu.chat.server.Controller newMessage
INFO: Message added: [UUID:100.101.1184211859]
Mar 14, 2017 5:13:20 PM codeu.chat.server.Server handleConnection
INFO: Handling new connection...
Mar 14, 2017 5:13:20 PM codeu.chat.server.Server handleConnection
INFO: Handling new connection...
Mar 14, 2017 5:13:20 PM codeu.chat.server.View getMessages
INFO: in getMessage: UUID=[UUID:100.101.1967570303] range=1
Mar 14, 2017 5:13:20 PM codeu.chat.server.Server handleConnection
INFO: Handling new connection...
Mar 14, 2017 5:13:20 PM codeu.chat.server.View getMessages
INFO: in getMessage: UUID=[UUID:100.101.1184211859] range=5
